[0426/201856.790:ERROR:icu_util.cc(179)] Invalid file descriptor to ICU data received.
[0426/201856.790:FATAL:icu_util.cc(311)] Check failed: result. 
Backtrace:
	GetHandleVerifier [0x00007FFC56CBBE45+173253]
	GetHandleVerifier [0x00007FFC56CC1353+195027]
	QWebEngineUrlSchemeHandler::qt_static_metacall [0x00007FFC56C59DCB+83851]
	QWebEngineCookieStore::d_func [0x00007FFC56FD1553+1734547]
	QtWebEngineCore::FaviconManager::qt_static_metacall [0x00007FFC56C1F45B+319979]
	QtWebEngineCore::WebContentsAdapter::webContents [0x00007FFC55DD27A5+21461]
	QtWebEngineCore::WebContentsAdapter::webContents [0x00007FFC55DD2BC3+22515]
	QtWebEngineCore::BrowserContextAdapter::BrowserContextAdapter [0x00007FFC55D7B528+248]
	QWebEnginePage::zoomFactor [0x00007FFC7BE8BCB8+280]
	QWebEngineProfile::QWebEngineProfile [0x00007FFC7BE8BF3E+62]
	TableauWebEnginePage::TableauWebEnginePage [0x00007FFC63129FB5+69]
	HybridUIBootstrap::SetMayUseLocalDevResources [0x00007FFC6311AA9D+12265]
	WebEnginePageAllocator::NewPage [0x00007FFC6311AE55+129]
	WebEnginePageAllocator::EnsureMinPooledPages [0x00007FFC6311AC3F+47]
	BaseSheetWidget::widgetClosing [0x00007FFC603C150F+45055]
	MainWindow::GetCentralWidget [0x00007FFC6033F4D4+64]
	TextAndCommandIsoscelesBalloonTipWidget::GetCommandId [0x00007FFC604C685F+91543]
	MainWindow::Initialize [0x00007FFC60340C58+268]
	TApplication::LaunchUI [0x00007FFC603A1B23+939]
	TApplication::Startup [0x00007FFC603A3631+1013]
	(No symbol) [0x00007FF7D850338E]
	hemp::cmon::BaseLogger::warn [0x00007FF7D8521FF4+79616]
	hemp::cmon::BaseLogger::warn [0x00007FF7D8520EEF+75259]
	BaseThreadInitThunk [0x00007FFC9D324034+20]
	RtlUserThreadStart [0x00007FFC9F243691+33]

[0426/201922.889:ERROR:icu_util.cc(179)] Invalid file descriptor to ICU data received.
[0426/201922.889:FATAL:icu_util.cc(311)] Check failed: result. 
Backtrace:
	GetHandleVerifier [0x00007FFC554CBE45+173253]
	GetHandleVerifier [0x00007FFC554D1353+195027]
	QWebEngineUrlSchemeHandler::qt_static_metacall [0x00007FFC55469DCB+83851]
	QWebEngineCookieStore::d_func [0x00007FFC557E1553+1734547]
	QtWebEngineCore::FaviconManager::qt_static_metacall [0x00007FFC5542F45B+319979]
	QtWebEngineCore::WebContentsAdapter::webContents [0x00007FFC545E27A5+21461]
	QtWebEngineCore::WebContentsAdapter::webContents [0x00007FFC545E2BC3+22515]
	QtWebEngineCore::BrowserContextAdapter::BrowserContextAdapter [0x00007FFC5458B528+248]
	QWebEnginePage::zoomFactor [0x00007FFC715EBCB8+280]
	QWebEngineProfile::QWebEngineProfile [0x00007FFC715EBF3E+62]
	TableauWebEnginePage::TableauWebEnginePage [0x00007FFC63129FB5+69]
	HybridUIBootstrap::SetMayUseLocalDevResources [0x00007FFC6311AA9D+12265]
	WebEnginePageAllocator::NewPage [0x00007FFC6311AE55+129]
	WebEnginePageAllocator::EnsureMinPooledPages [0x00007FFC6311AC3F+47]
	BaseSheetWidget::widgetClosing [0x00007FFC603C150F+45055]
	MainWindow::GetCentralWidget [0x00007FFC6033F4D4+64]
	TextAndCommandIsoscelesBalloonTipWidget::GetCommandId [0x00007FFC604C685F+91543]
	MainWindow::Initialize [0x00007FFC60340C58+268]
	TApplication::LaunchUI [0x00007FFC603A1B23+939]
	TApplication::Startup [0x00007FFC603A3631+1013]
	(No symbol) [0x00007FF7D850338E]
	hemp::cmon::BaseLogger::warn [0x00007FF7D8521FF4+79616]
	hemp::cmon::BaseLogger::warn [0x00007FF7D8520EEF+75259]
	BaseThreadInitThunk [0x00007FFC9D324034+20]
	RtlUserThreadStart [0x00007FFC9F243691+33]

